app/build/intermediates/manifest_merge_blame_file/debug/manifest-merger-blame-debug-report.txt
1<?xml version="1.0" encoding="utf-8"?>
2<manifest xmlns:android="http://schemas.android.com/apk/res/android"
3    package="com.example.myapplication"
4    android:versionCode="1"
5    android:versionName="1.0" >
6
7    <uses-sdk
8        android:minSdkVersion="19"
8-->src\main\AndroidManifest.xml
9        android:targetSdkVersion="29" />
9-->src\main\AndroidManifest.xml
10
11    <uses-permission android:name="android.permission.ACCESS_WIFI_STATE" />
11-->src\main\AndroidManifest.xml:5:5-76
11-->src\main\AndroidManifest.xml:5:22-73
12    <uses-permission android:name="android.permission.WRITE_EXTERNAL_STORAGE" />
12-->src\main\AndroidManifest.xml:6:5-80
12-->src\main\AndroidManifest.xml:6:22-78
13    <uses-permission android:name="android.permission.READ_EXTERNAL_STORAGE" />
13-->src\main\AndroidManifest.xml:7:5-79
13-->src\main\AndroidManifest.xml:7:22-77
14    <uses-permission android:name="android.permission.REQUEST_DELETE_PACKAGES" />
14-->src\main\AndroidManifest.xml:42:5-82
14-->src\main\AndroidManifest.xml:42:22-79
15    <uses-permission android:name="android.permission.INTERNET" />
15-->src\main\AndroidManifest.xml:43:5-66
15-->src\main\AndroidManifest.xml:43:22-64
16
17    <application
17-->src\main\AndroidManifest.xml:8:5-41:19
18        android:allowBackup="true"
18-->src\main\AndroidManifest.xml:10:9-35
19        android:appComponentFactory="androidx.core.app.CoreComponentFactory"
19-->[androidx.core:core:1.1.0] AndroidManifest.xml:24:18-86
20        android:debuggable="true"
21        android:icon="@mipmap/ic_launcher"
21-->src\main\AndroidManifest.xml:11:9-43
22        android:label="@string/app_name"
22-->src\main\AndroidManifest.xml:12:9-41
23        android:roundIcon="@mipmap/ic_launcher_round"
23-->src\main\AndroidManifest.xml:13:9-54
24        android:supportsRtl="true"
24-->src\main\AndroidManifest.xml:14:9-35
25        android:testOnly="true"
26        android:theme="@style/AppTheme" >
26-->src\main\AndroidManifest.xml:15:9-40
27        <activity
27-->src\main\AndroidManifest.xml:17:9-24:20
28            android:name="com.example.myapplication.ApkListActivity"
28-->src\main\AndroidManifest.xml:18:13-69
29            android:label="@string/title_activity_apk_list" >
29-->src\main\AndroidManifest.xml:19:13-60
30            <intent-filter>
30-->src\main\AndroidManifest.xml:20:13-23:29
31                <action android:name="android.intent.action.MAIN" />
31-->src\main\AndroidManifest.xml:21:17-69
31-->src\main\AndroidManifest.xml:21:25-66
32
33                <category android:name="android.intent.category.LAUNCHER" />
33-->src\main\AndroidManifest.xml:22:17-77
33-->src\main\AndroidManifest.xml:22:27-74
34            </intent-filter>
35        </activity>
36        <activity
36-->src\main\AndroidManifest.xml:25:9-29:20
37            android:name="com.example.myapplication.ApkInfo"
37-->src\main\AndroidManifest.xml:26:13-61
38            android:label="@string/title_activity_apk_list" >
38-->src\main\AndroidManifest.xml:27:13-60
39        </activity>
40        <activity android:name="com.example.myapplication.ApkResult" />
40-->src\main\AndroidManifest.xml:30:9-31:66
40-->src\main\AndroidManifest.xml:31:13-63
41        <activity android:name="com.example.myapplication.MainActivity" />
41-->src\main\AndroidManifest.xml:32:9-33:69
41-->src\main\AndroidManifest.xml:33:13-66
42    </application>
43
44</manifest>